----------

Mon Dec 08 2025 10:50:20 GMT-0500 (Eastern Standard Time)

Couldn't execute script /Users/montillo214/Documents/Documents/WebPage/smontillo.github.io/export.sh

----------

Mon Dec 08 2025 11:29:39 GMT-0500 (Eastern Standard Time)

remote: This repository moved. Please use the new location:        
remote:   https://github.com/Smontillo/smontillo.github.io.git        


----------

Mon Dec 08 2025 11:29:40 GMT-0500 (Eastern Standard Time)

To https://github.com/smontillo/smontillo.github.io.git
   3ee7d35..cfd38cb  main -> main


----------

Mon Dec 08 2025 11:35:33 GMT-0500 (Eastern Standard Time)

To https://github.com/Smontillo/smontillo.github.io.git
   e0f4acd..0738548  main -> main


----------

Mon Dec 08 2025 16:12:21 GMT-0500 (Eastern Standard Time)

To https://github.com/Smontillo/smontillo.github.io.git
   0951698..ea47260  main -> main


----------

Tue Dec 09 2025 09:31:59 GMT-0500 (Eastern Standard Time)

To https://github.com/Smontillo/smontillo.github.io.git
   db0d7b5..35d2aec  main -> main


